Determining if the pthread_create exist failed with the following output:
Change Dir: /home/zhibo/my_git_code/astra_viewer/build/CMakeFiles/CMakeTmp

Run Build Command:"/usr/bin/make" "cmTC_488cc/fast"
/usr/bin/make -f CMakeFiles/cmTC_488cc.dir/build.make CMakeFiles/cmTC_488cc.dir/build
make[1]: Entering directory '/home/zhibo/my_git_code/astra_viewer/build/CMakeFiles/CMakeTmp'
Building C object CMakeFiles/cmTC_488cc.dir/CheckSymbolExists.c.o
/usr/bin/cc    -fPIC    -o CMakeFiles/cmTC_488cc.dir/CheckSymbolExists.c.o   -c /home/zhibo/my_git_code/astra_viewer/build/CMakeFiles/CMakeTmp/CheckSymbolExists.c
Linking C executable cmTC_488cc
/usr/bin/cmake -E cmake_link_script CMakeFiles/cmTC_488cc.dir/link.txt --verbose=1
/usr/bin/cc  -fPIC     CMakeFiles/cmTC_488cc.dir/CheckSymbolExists.c.o  -o cmTC_488cc -rdynamic 
CMakeFiles/cmTC_488cc.dir/CheckSymbolExists.c.o: In function `main':
CheckSymbolExists.c:(.text+0x1b): undefined reference to `pthread_create'
collect2: error: ld returned 1 exit status
CMakeFiles/cmTC_488cc.dir/build.make:97: recipe for target 'cmTC_488cc' failed
make[1]: *** [cmTC_488cc] Error 1
make[1]: Leaving directory '/home/zhibo/my_git_code/astra_viewer/build/CMakeFiles/CMakeTmp'
Makefile:126: recipe for target 'cmTC_488cc/fast' failed
make: *** [cmTC_488cc/fast] Error 2

File /home/zhibo/my_git_code/astra_viewer/build/CMakeFiles/CMakeTmp/CheckSymbolExists.c:
/* */
#include <pthread.h>

int main(int argc, char** argv)
{
  (void)argv;
#ifndef pthread_create
  return ((int*)(&pthread_create))[argc];
#else
  (void)argc;
  return 0;
#endif
}

Determining if the function pthread_create exists in the pthreads failed with the following output:
Change Dir: /home/zhibo/my_git_code/astra_viewer/build/CMakeFiles/CMakeTmp

Run Build Command:"/usr/bin/make" "cmTC_8c95e/fast"
/usr/bin/make -f CMakeFiles/cmTC_8c95e.dir/build.make CMakeFiles/cmTC_8c95e.dir/build
make[1]: Entering directory '/home/zhibo/my_git_code/astra_viewer/build/CMakeFiles/CMakeTmp'
Building C object CMakeFiles/cmTC_8c95e.dir/CheckFunctionExists.c.o
/usr/bin/cc    -fPIC -DCHECK_FUNCTION_EXISTS=pthread_create   -o CMakeFiles/cmTC_8c95e.dir/CheckFunctionExists.c.o   -c /usr/share/cmake-3.5/Modules/CheckFunctionExists.c
Linking C executable cmTC_8c95e
/usr/bin/cmake -E cmake_link_script CMakeFiles/cmTC_8c95e.dir/link.txt --verbose=1
/usr/bin/cc  -fPIC -DCHECK_FUNCTION_EXISTS=pthread_create    CMakeFiles/cmTC_8c95e.dir/CheckFunctionExists.c.o  -o cmTC_8c95e -rdynamic -lpthreads 
/usr/bin/ld: cannot find -lpthreads
collect2: error: ld returned 1 exit status
CMakeFiles/cmTC_8c95e.dir/build.make:97: recipe for target 'cmTC_8c95e' failed
make[1]: *** [cmTC_8c95e] Error 1
make[1]: Leaving directory '/home/zhibo/my_git_code/astra_viewer/build/CMakeFiles/CMakeTmp'
Makefile:126: recipe for target 'cmTC_8c95e/fast' failed
make: *** [cmTC_8c95e/fast] Error 2


